<?xml version="1.0" encoding="UTF-8"?>
<!-- Generated by org.testng.reporters.JUnitReportReporter -->
<testsuite skipped="1" hostname="LAPTOP-2LR20BM8" name="demoSite.ExcelDataProvider" tests="1" failures="0" timestamp="2023-06-08T19:13:49 IST" time="0.000" errors="0">
  <testcase name="data" time="0.000" classname="demoSite.ExcelDataProvider">
    <skipped/>
  </testcase> <!-- data -->
  <system-out/>
</testsuite> <!-- demoSite.ExcelDataProvider -->
