<?xml version="1.0" encoding="UTF-8"?>
<!-- Generated by org.testng.reporters.JUnitReportReporter -->
<testsuite hostname="LAPTOP-2LR20BM8" failures="0" tests="2" name="testNG.TestNG_Demo" time="0.008" errors="0" timestamp="2023-09-11T23:48:42 IST" skipped="0">
  <testcase classname="testNG.TestNG_Demo" name="googleTitleTest" time="0.003"/>
  <system-out/>
  <testcase classname="testNG.TestNG_Demo" name="googleSearchTest" time="0.005"/>
  <system-out/>
</testsuite> <!-- testNG.TestNG_Demo -->
