<?xml version="1.0" encoding="UTF-8"?>
<!-- Generated by org.testng.reporters.JUnitReportReporter -->
<testsuite hostname="LAPTOP-2LR20BM8" failures="0" tests="2" name="testNG.AssertionsDemo" time="4.757" errors="0" timestamp="2023-06-12T20:01:30 IST" skipped="0">
  <testcase classname="testNG.AssertionsDemo" name="demo" time="0.012"/>
  <system-out/>
  <testcase classname="testNG.AssertionsDemo" name="setUp" time="4.745"/>
  <system-out/>
</testsuite> <!-- testNG.AssertionsDemo -->
