<?xml version="1.0" encoding="UTF-8"?>
<!-- Generated by org.testng.reporters.JUnitReportReporter -->
<testsuite hostname="LAPTOP-2LR20BM8" failures="0" tests="1" name="testNG.QALegend_Login" time="14.347" errors="0" timestamp="2023-06-15T15:32:08 IST" skipped="0">
  <testcase classname="testNG.QALegend_Login" name="logoTest" time="14.347"/>
  <system-out/>
</testsuite> <!-- testNG.QALegend_Login -->
