<?xml version="1.0" encoding="UTF-8"?>
<!-- Generated by org.testng.reporters.JUnitReportReporter -->
<testsuite hostname="LAPTOP-2LR20BM8" failures="0" tests="2" name="testNG.TestDemo" time="0.006" errors="0" timestamp="2023-09-11T23:49:51 IST" skipped="0">
  <testcase classname="testNG.TestDemo" name="Test2" time="0.001"/>
  <system-out/>
  <testcase classname="testNG.TestDemo" name="Test1" time="0.005"/>
  <system-out/>
</testsuite> <!-- testNG.TestDemo -->
