<?xml version="1.0" encoding="UTF-8"?>
<!-- Generated by org.testng.reporters.JUnitReportReporter -->
<testsuite hostname="LAPTOP-2LR20BM8" failures="0" tests="1" name="testNG.ExtentReportclass" time="2.929" errors="0" timestamp="2023-06-12T20:54:39 IST" skipped="0">
  <testcase classname="testNG.ExtentReportclass" name="testtt" time="2.929"/>
  <system-out/>
</testsuite> <!-- testNG.ExtentReportclass -->
