<?xml version="1.0" encoding="UTF-8"?>
<!-- Generated by org.testng.reporters.JUnitReportReporter -->
<testsuite hostname="LAPTOP-2LR20BM8" failures="0" tests="1" name="testNG.TestNG_Demo" time="0.006" errors="0" timestamp="2023-06-01T14:49:24 IST" skipped="0">
  <testcase classname="testNG.TestNG_Demo" name="googleTitleTest" time="0.006"/>
  <system-out/>
</testsuite> <!-- testNG.TestNG_Demo -->
