<?xml version="1.0" encoding="UTF-8"?>
<!-- Generated by org.testng.reporters.JUnitReportReporter -->
<testsuite hostname="LAPTOP-2LR20BM8" failures="0" tests="10" name="testNG.TestNG_InvocationCount" time="0.028" errors="0" timestamp="2023-05-30T21:17:24 IST" skipped="0">
  <testcase classname="testNG.TestNG_InvocationCount" name="loginTest" time="0.011"/>
  <system-out/>
  <testcase classname="testNG.TestNG_InvocationCount" name="loginTest" time="0.002"/>
  <system-out/>
  <testcase classname="testNG.TestNG_InvocationCount" name="loginTest" time="0.002"/>
  <system-out/>
  <testcase classname="testNG.TestNG_InvocationCount" name="loginTest" time="0.002"/>
  <system-out/>
  <testcase classname="testNG.TestNG_InvocationCount" name="loginTest" time="0.001"/>
  <system-out/>
  <testcase classname="testNG.TestNG_InvocationCount" name="loginTest" time="0.002"/>
  <system-out/>
  <testcase classname="testNG.TestNG_InvocationCount" name="loginTest" time="0.002"/>
  <system-out/>
  <testcase classname="testNG.TestNG_InvocationCount" name="loginTest" time="0.001"/>
  <system-out/>
  <testcase classname="testNG.TestNG_InvocationCount" name="loginTest" time="0.003"/>
  <system-out/>
  <testcase classname="testNG.TestNG_InvocationCount" name="loginTest" time="0.002"/>
  <system-out/>
</testsuite> <!-- testNG.TestNG_InvocationCount -->
