<?xml version="1.0" encoding="UTF-8"?>
<!-- Generated by org.testng.reporters.JUnitReportReporter -->
<testsuite hostname="LAPTOP-2LR20BM8" failures="0" tests="2" name="testNG.ParallelTest" time="16.654" errors="0" timestamp="2023-06-15T15:37:36 IST" skipped="0">
  <testcase classname="testNG.ParallelTest" name="getURL" time="6.455"/>
  <system-out/>
  <testcase classname="testNG.ParallelTest" name="firefoxTest" time="10.199"/>
  <system-out/>
</testsuite> <!-- testNG.ParallelTest -->
