<?xml version="1.0" encoding="UTF-8"?>
<!-- Generated by org.testng.reporters.JUnitReportReporter -->
<testsuite hostname="LAPTOP-2LR20BM8" failures="0" tests="2" name="testNG.TestDemo" time="0.013" errors="0" timestamp="2023-05-28T14:13:35 IST" skipped="0">
  <testcase classname="testNG.TestDemo" name="Test2" time="0.002"/>
  <system-out/>
  <testcase classname="testNG.TestDemo" name="Test1" time="0.011"/>
  <system-out/>
</testsuite> <!-- testNG.TestDemo -->
