<?xml version="1.0" encoding="UTF-8"?>
<!-- Generated by org.testng.reporters.JUnitReportReporter -->
<testsuite hostname="LAPTOP-2LR20BM8" failures="0" tests="3" name="testNG.CrossBrowserTesting" time="5.273" errors="0" timestamp="2023-06-12T15:22:21 IST" skipped="0">
  <testcase classname="testNG.CrossBrowserTesting" name="getGoogle" time="1.669"/>
  <system-out/>
  <testcase classname="testNG.CrossBrowserTesting" name="getGoogle" time="2.395"/>
  <system-out/>
  <testcase classname="testNG.CrossBrowserTesting" name="getGoogle" time="1.209"/>
  <system-out/>
</testsuite> <!-- testNG.CrossBrowserTesting -->
