<?xml version="1.0" encoding="UTF-8"?>
<!-- Generated by org.testng.reporters.JUnitReportReporter -->
<testsuite hostname="LAPTOP-2LR20BM8" failures="0" tests="1" name="testNG.Obsqura_Logo" time="10.884" errors="0" timestamp="2023-06-15T15:32:08 IST" skipped="0">
  <testcase classname="testNG.Obsqura_Logo" name="logoTest" time="10.884"/>
  <system-out/>
</testsuite> <!-- testNG.Obsqura_Logo -->
