<?xml version="1.0" encoding="UTF-8"?>
<!-- Generated by org.testng.reporters.JUnitReportReporter -->
<testsuite hostname="LAPTOP-2LR20BM8" failures="0" tests="3" name="testNG.Parallel_Execution3" time="0.003" errors="0" timestamp="2023-06-02T20:57:28 IST" skipped="0">
  <testcase classname="testNG.Parallel_Execution3" name="testMethod8" time="0.001"/>
  <system-out/>
  <testcase classname="testNG.Parallel_Execution3" name="testMethod9" time="0.001"/>
  <system-out/>
  <testcase classname="testNG.Parallel_Execution3" name="testMethod7" time="0.001"/>
  <system-out/>
</testsuite> <!-- testNG.Parallel_Execution3 -->
