<?xml version="1.0" encoding="UTF-8"?>
<!-- Generated by org.testng.reporters.JUnitReportReporter -->
<testsuite hostname="LAPTOP-2LR20BM8" failures="0" tests="1" name="testNG.Google_Test" time="8.900" errors="0" timestamp="2023-09-13T18:55:00 IST" skipped="0">
  <testcase classname="testNG.Google_Test" name="googleTest" time="8.900"/>
  <system-out/>
</testsuite> <!-- testNG.Google_Test -->
