<?xml version="1.0" encoding="UTF-8"?>
<!-- Generated by org.testng.reporters.JUnitReportReporter -->
<testsuite hostname="LAPTOP-2LR20BM8" failures="0" tests="3" name="testNG.Parameter_DataDriven" time="34.628" errors="0" timestamp="2023-06-02T17:16:52 IST" skipped="0">
  <testcase classname="testNG.Parameter_DataDriven" name="obsLoginTest" time="8.978"/>
  <system-out/>
  <testcase classname="testNG.Parameter_DataDriven" name="obsLoginTest" time="10.355"/>
  <system-out/>
  <testcase classname="testNG.Parameter_DataDriven" name="obsLoginTest" time="15.295"/>
  <system-out/>
</testsuite> <!-- testNG.Parameter_DataDriven -->
