<?xml version="1.0" encoding="UTF-8"?>
<!-- Generated by org.testng.reporters.JUnitReportReporter -->
<testsuite skipped="0" hostname="LAPTOP-2LR20BM8" name="testNG.DriverManager" tests="3" failures="0" timestamp="2023-06-05T20:02:21 IST" time="21.083" errors="0">
  <testcase name="edgeTest" time="12.389" classname="testNG.DriverManager"/>
  <system-out/>
  <testcase name="test" time="3.145" classname="testNG.DriverManager"/>
  <system-out/>
  <testcase name="firefoxTest" time="5.549" classname="testNG.DriverManager"/>
  <system-out/>
</testsuite> <!-- testNG.DriverManager -->
