<?xml version="1.0" encoding="UTF-8"?>
<!-- Generated by org.testng.reporters.JUnitReportReporter -->
<testsuite hostname="LAPTOP-2LR20BM8" failures="0" tests="4" name="testNG.TestNG_Priority" time="0.028" errors="0" timestamp="2023-05-30T21:00:43 IST" skipped="0">
  <testcase classname="testNG.TestNG_Priority" name="googleTitleTest" time="0.016"/>
  <system-out/>
  <testcase classname="testNG.TestNG_Priority" name="googleURLTest" time="0.003"/>
  <system-out/>
  <testcase classname="testNG.TestNG_Priority" name="googleSearchBoxTest" time="0.006"/>
  <system-out/>
  <testcase classname="testNG.TestNG_Priority" name="googleLogoTest" time="0.003"/>
  <system-out/>
</testsuite> <!-- testNG.TestNG_Priority -->
