<?xml version="1.0" encoding="UTF-8"?>
<!-- Generated by org.testng.reporters.JUnitReportReporter -->
<testsuite hostname="LAPTOP-2LR20BM8" failures="0" tests="3" name="testNG.Parallel_Execution2" time="0.010" errors="0" timestamp="2023-06-02T20:57:28 IST" skipped="0">
  <testcase classname="testNG.Parallel_Execution2" name="testMethod4" time="0.009"/>
  <system-out/>
  <testcase classname="testNG.Parallel_Execution2" name="testMethod5" time="0.000"/>
  <system-out/>
  <testcase classname="testNG.Parallel_Execution2" name="testMethod6" time="0.001"/>
  <system-out/>
</testsuite> <!-- testNG.Parallel_Execution2 -->
