<?xml version="1.0" encoding="UTF-8"?>
<!-- Generated by org.testng.reporters.JUnitReportReporter -->
<testsuite hostname="LAPTOP-2LR20BM8" failures="0" tests="1" name="study.CheckLogin" time="10.191" errors="0" timestamp="2023-06-16T16:10:57 IST" skipped="0">
  <testcase classname="study.CheckLogin" name="checkValidUser" time="10.191"/>
  <system-out/>
</testsuite> <!-- study.CheckLogin -->
