<?xml version="1.0" encoding="UTF-8"?>
<!-- Generated by org.testng.reporters.JUnitReportReporter -->
<testsuite hostname="LAPTOP-2LR20BM8" failures="0" tests="1" name="testNG.ParameterTest" time="14.811" errors="0" timestamp="2023-06-01T19:32:41 IST" skipped="0">
  <testcase classname="testNG.ParameterTest" name="obsLoginTest" time="14.811"/>
  <system-out/>
</testsuite> <!-- testNG.ParameterTest -->
