<?xml version="1.0" encoding="UTF-8"?>
<!-- Generated by org.testng.reporters.JUnitReportReporter -->
<testsuite hostname="LAPTOP-2LR20BM8" failures="0" tests="1" name="testNG.CheckLogin" time="9.761" errors="0" timestamp="2023-06-16T15:17:00 IST" skipped="0">
  <testcase classname="testNG.CheckLogin" name="checkValidUser" time="9.761"/>
  <system-out/>
</testsuite> <!-- testNG.CheckLogin -->
