<?xml version="1.0" encoding="UTF-8"?>
<!-- Generated by org.testng.reporters.JUnitReportReporter -->
<testsuite hostname="LAPTOP-2LR20BM8" failures="0" tests="2" name="testNG.DemoProject1" time="0.011" errors="0" timestamp="2023-05-30T20:08:56 IST" skipped="0">
  <testcase classname="testNG.DemoProject1" name="googleTitleTest" time="0.003"/>
  <system-out/>
  <testcase classname="testNG.DemoProject1" name="googleSearch" time="0.008"/>
  <system-out/>
</testsuite> <!-- testNG.DemoProject1 -->
