<?xml version="1.0" encoding="UTF-8"?>
<!-- Generated by org.testng.reporters.JUnitReportReporter -->
<testsuite hostname="LAPTOP-2LR20BM8" failures="0" tests="4" name="testNG.TestInvocationCount" time="78.305" errors="0" timestamp="2023-06-15T15:42:55 IST" skipped="0">
  <testcase classname="testNG.TestInvocationCount" name="verifyLinkedIn" time="14.840"/>
  <system-out/>
  <testcase classname="testNG.TestInvocationCount" name="validLoginTest" time="22.606"/>
  <system-out/>
  <testcase classname="testNG.TestInvocationCount" name="verifyLinkedIn" time="18.981"/>
  <system-out/>
  <testcase classname="testNG.TestInvocationCount" name="validLoginTest" time="21.878"/>
  <system-out/>
</testsuite> <!-- testNG.TestInvocationCount -->
