<?xml version="1.0" encoding="UTF-8"?>
<!-- Generated by org.testng.reporters.JUnitReportReporter -->
<testsuite hostname="LAPTOP-2LR20BM8" failures="0" tests="2" name="testNG.DemoProject" time="0.012" errors="0" timestamp="2023-05-29T15:55:05 IST" skipped="0">
  <testcase classname="testNG.DemoProject" name="googleTitleTest" time="0.004"/>
  <system-out/>
  <testcase classname="testNG.DemoProject" name="googleSearch" time="0.008"/>
  <system-out/>
</testsuite> <!-- testNG.DemoProject -->
